<?xml version="1.0" encoding="UTF-8"?>
<!-- Generated by org.testng.reporters.JUnitXMLReporter -->
<testsuite hostname="D-113064577" ignored="0" name="Default test" tests="4" failures="0" timestamp="16 Feb 2018 10:30:27 GMT" time="105.598" errors="0">
  <testcase name="Login" time="31.554" classname="Javapackage.Scenario1"/>
  <testcase name="Review" time="11.826" classname="Javapackage.Scenario1"/>
  <testcase name="Review" time="12.044" classname="Javapackage.Scenario1"/>
  <testcase name="Wishlist" time="33.388" classname="Javapackage.Scenario1"/>
</testsuite> <!-- Default test -->
