<?xml version="1.0" encoding="UTF-8"?>
<!-- Generated by org.testng.reporters.JUnitXMLReporter -->
<testsuite hostname="D-113064577" ignored="6" name="Test1" tests="8" failures="1" timestamp="19 Feb 2018 09:26:37 GMT" time="429.833" errors="0">
  <testcase name="Login" time="27.236" classname="Javapackage.Scenario1"/>
  <testcase name="Review" time="11.798" classname="Javapackage.Scenario1"/>
  <testcase name="Review" time="12.021" classname="Javapackage.Scenario1"/>
  <testcase name="Wishlist" time="32.946" classname="Javapackage.Scenario1"/>
  <testcase name="Login" time="60.019" classname="Javapackage.Scenario2"/>
  <testcase name="aLogin" time="5.898" classname="Javapackage.Scenario3"/>
  <testcase name="bApple" time="87.273" classname="Javapackage.Scenario3"/>
  <testcase name="scenario4" time="31.655" classname="Javapackage.Scenario4">
    <failure type="org.openqa.selenium.NoSuchElementException" message="Unable to find element with xpath == //a[@href=&amp;apos;index.php?route=product/product&amp;amp;path=57&amp;amp;product_id=49&amp;apos;]
For documentation on this error, please visit: http://seleniumhq.org/exceptions/no_such_element.html
Build info: version: &amp;apos;3.6.0&amp;apos;, revision: &amp;apos;6fbf3ec767&amp;apos;, time: &amp;apos;2017-09-27T15:28:36.4Z&amp;apos;
System info: host: &amp;apos;D-113064577&amp;apos;, ip: &amp;apos;10.159.34.113&amp;apos;, os.name: &amp;apos;Windows 10&amp;apos;, os.arch: &amp;apos;amd64&amp;apos;, os.version: &amp;apos;10.0&amp;apos;, java.version: &amp;apos;1.8.0_121&amp;apos;
Driver info: org.openqa.selenium.remote.RemoteWebDriver
Capabilities [{proxy=Proxy(), webdriver.remote.sessionid=32232a32-53ed-4171-a3ca-9052fd4c7e94, acceptInsecureCerts=false, browserVersion=11, se:ieOptions={nativeEvents=true, browserAttachTimeout=0, ie.ensureCleanSession=false, elementScrollBehavior=0, enablePersistentHover=true, ie.browserCommandLineSwitches=, ie.forceCreateProcessApi=false, requireWindowFocus=false, initialBrowserUrl=http://localhost:29493/, ignoreZoomSetting=false, ie.fileUploadDialogTimeout=3000, ignoreProtectedModeSettings=false}, timeouts={implicit=0, pageLoad=300000, script=30000}, browserName=internet explorer, pageLoadStrategy=normal, javascriptEnabled=true, platformName=WINDOWS, setWindowRect=true, platform=WINDOWS}]
Session ID: 32232a32-53ed-4171-a3ca-9052fd4c7e94
*** Element info: {Using=xpath, value=//a[@href=&amp;apos;index.php?route=product/product&amp;amp;path=57&amp;amp;product_id=49&amp;apos;]}">
      <![CDATA[org.openqa.selenium.NoSuchElementException: Unable to find element with xpath == //a[@href='index.php?route=product/product&path=57&product_id=49']For documentation on this error, please visit: http://seleniumhq.org/exceptions/no_such_element.htmlBuild info: version: '3.6.0', revision: '6fbf3ec767', time: '2017-09-27T15:28:36.4Z'System info: host: 'D-113064577', ip: '10.159.34.113', os.name: 'Windows 10', os.arch: 'amd64', os.version: '10.0', java.version: '1.8.0_121'Driver info: org.openqa.selenium.remote.RemoteWebDriverCapabilities [{proxy=Proxy(), webdriver.remote.sessionid=32232a32-53ed-4171-a3ca-9052fd4c7e94, acceptInsecureCerts=false, browserVersion=11, se:ieOptions={nativeEvents=true, browserAttachTimeout=0, ie.ensureCleanSession=false, elementScrollBehavior=0, enablePersistentHover=true, ie.browserCommandLineSwitches=, ie.forceCreateProcessApi=false, requireWindowFocus=false, initialBrowserUrl=http://localhost:29493/, ignoreZoomSetting=false, ie.fileUploadDialogTimeout=3000, ignoreProtectedModeSettings=false}, timeouts={implicit=0, pageLoad=300000, script=30000}, browserName=internet explorer, pageLoadStrategy=normal, javascriptEnabled=true, platformName=WINDOWS, setWindowRect=true, platform=WINDOWS}]Session ID: 32232a32-53ed-4171-a3ca-9052fd4c7e94*** Element info: {Using=xpath, value=//a[@href='index.php?route=product/product&path=57&product_id=49']}at org.openqa.selenium.remote.http.W3CHttpResponseCodec.createException(W3CHttpResponseCodec.java:185)at org.openqa.selenium.remote.http.W3CHttpResponseCodec.decode(W3CHttpResponseCodec.java:120)at org.openqa.selenium.remote.http.W3CHttpResponseCodec.decode(W3CHttpResponseCodec.java:49)at org.openqa.selenium.remote.HttpCommandExecutor.execute(HttpCommandExecutor.java:164)at org.openqa.selenium.remote.RemoteWebDriver.execute(RemoteWebDriver.java:586)at org.openqa.selenium.remote.RemoteWebDriver.findElement(RemoteWebDriver.java:356)at org.openqa.selenium.remote.RemoteWebDriver.findElementByXPath(RemoteWebDriver.java:458)at org.openqa.selenium.By$ByXPath.findElement(By.java:361)at org.openqa.selenium.remote.RemoteWebDriver.findElement(RemoteWebDriver.java:348)at Javapackage.Scenario4.scenario4(Scenario4.java:101)... Removed 29 stack frames]]>
    </failure>
  </testcase> <!-- scenario4 -->
  <testcase name="@AfterSuite endReport" time="0.0" classname="Javapackage.ExtendReportsClass">
    <ignored/>
  </testcase> <!-- @AfterSuite endReport -->
  <testcase name="@AfterSuite endReport" time="0.0" classname="Javapackage.ExtendReportsClass">
    <ignored/>
  </testcase> <!-- @AfterSuite endReport -->
  <testcase name="@AfterSuite endReport" time="0.0" classname="Javapackage.ExtendReportsClass">
    <ignored/>
  </testcase> <!-- @AfterSuite endReport -->
  <testcase name="@BeforeSuite startReport" time="0.0" classname="Javapackage.ExtendReportsClass">
    <ignored/>
  </testcase> <!-- @BeforeSuite startReport -->
  <testcase name="@BeforeSuite startReport" time="0.0" classname="Javapackage.ExtendReportsClass">
    <ignored/>
  </testcase> <!-- @BeforeSuite startReport -->
  <testcase name="@BeforeSuite startReport" time="0.0" classname="Javapackage.ExtendReportsClass">
    <ignored/>
  </testcase> <!-- @BeforeSuite startReport -->
</testsuite> <!-- Test1 -->
