<?xml version="1.0" encoding="UTF-8"?>
<!-- Generated by org.testng.reporters.JUnitXMLReporter -->
<testsuite hostname="D-113064577" ignored="6" name="Test" tests="8" failures="0" timestamp="19 Feb 2018 07:02:22 GMT" time="66.917" errors="0">
  <testcase name="@BeforeClass start" time="48.184" classname="Javapackage.Scenario1">
    <failure type="java.lang.NullPointerException">
      <![CDATA[java.lang.NullPointerExceptionat Javapackage.Scenario1.start(Scenario1.java:69)... Removed 26 stack frames]]>
    </failure>
  </testcase> <!-- @BeforeClass start -->
  <testcase name="@AfterMethod getResult" time="0.0" classname="Javapackage.ExtendReportsClass">
    <skipped/>
  </testcase> <!-- @AfterMethod getResult -->
  <testcase name="@AfterMethod getResult" time="0.0" classname="Javapackage.ExtendReportsClass">
    <skipped/>
  </testcase> <!-- @AfterMethod getResult -->
  <testcase name="@AfterMethod getResult" time="0.0" classname="Javapackage.ExtendReportsClass">
    <skipped/>
  </testcase> <!-- @AfterMethod getResult -->
  <testcase name="@AfterMethod getResult" time="0.0" classname="Javapackage.ExtendReportsClass">
    <skipped/>
  </testcase> <!-- @AfterMethod getResult -->
  <testcase name="@BeforeClass p" time="0.0" classname="Javapackage.Scenario3">
    <skipped/>
  </testcase> <!-- @BeforeClass p -->
  <testcase name="@AfterMethod getResult" time="0.0" classname="Javapackage.ExtendReportsClass">
    <skipped/>
  </testcase> <!-- @AfterMethod getResult -->
  <testcase name="@AfterMethod getResult" time="0.0" classname="Javapackage.ExtendReportsClass">
    <skipped/>
  </testcase> <!-- @AfterMethod getResult -->
  <testcase name="@BeforeClass f" time="0.0" classname="Javapackage.Scenario2">
    <skipped/>
  </testcase> <!-- @BeforeClass f -->
  <testcase name="@AfterMethod getResult" time="0.0" classname="Javapackage.ExtendReportsClass">
    <skipped/>
  </testcase> <!-- @AfterMethod getResult -->
  <testcase name="@BeforeClass beforeClass" time="0.0" classname="Javapackage.Scenario4">
    <skipped/>
  </testcase> <!-- @BeforeClass beforeClass -->
  <testcase name="@AfterMethod getResult" time="0.0" classname="Javapackage.ExtendReportsClass">
    <skipped/>
  </testcase> <!-- @AfterMethod getResult -->
  <testcase name="Login" time="0.0" classname="Javapackage.Scenario1">
    <skipped/>
  </testcase> <!-- Login -->
  <testcase name="Review" time="0.0" classname="Javapackage.Scenario1">
    <skipped/>
  </testcase> <!-- Review -->
  <testcase name="Review" time="0.0" classname="Javapackage.Scenario1">
    <skipped/>
  </testcase> <!-- Review -->
  <testcase name="Wishlist" time="0.0" classname="Javapackage.Scenario1">
    <skipped/>
  </testcase> <!-- Wishlist -->
  <testcase name="aLogin" time="0.0" classname="Javapackage.Scenario3">
    <skipped/>
  </testcase> <!-- aLogin -->
  <testcase name="bApple" time="0.0" classname="Javapackage.Scenario3">
    <skipped/>
  </testcase> <!-- bApple -->
  <testcase name="Login" time="0.0" classname="Javapackage.Scenario2">
    <skipped/>
  </testcase> <!-- Login -->
  <testcase name="scenario4" time="0.0" classname="Javapackage.Scenario4">
    <skipped/>
  </testcase> <!-- scenario4 -->
  <testcase name="@AfterSuite endReport" time="0.0" classname="Javapackage.ExtendReportsClass">
    <ignored/>
  </testcase> <!-- @AfterSuite endReport -->
  <testcase name="@AfterSuite endReport" time="0.0" classname="Javapackage.ExtendReportsClass">
    <ignored/>
  </testcase> <!-- @AfterSuite endReport -->
  <testcase name="@AfterSuite endReport" time="0.0" classname="Javapackage.ExtendReportsClass">
    <ignored/>
  </testcase> <!-- @AfterSuite endReport -->
  <testcase name="@BeforeSuite startReport" time="0.0" classname="Javapackage.ExtendReportsClass">
    <ignored/>
  </testcase> <!-- @BeforeSuite startReport -->
  <testcase name="@BeforeSuite startReport" time="0.0" classname="Javapackage.ExtendReportsClass">
    <ignored/>
  </testcase> <!-- @BeforeSuite startReport -->
  <testcase name="@BeforeSuite startReport" time="0.0" classname="Javapackage.ExtendReportsClass">
    <ignored/>
  </testcase> <!-- @BeforeSuite startReport -->
</testsuite> <!-- Test -->
